/home/idp/ms/src/MissionPlanner/install/mission_planner/lib/python3.10/site-packages/mission_planner/mission_script.py
/home/idp/ms/src/MissionPlanner/install/mission_planner/lib/python3.10/site-packages/mission_planner/land_all.py
/home/idp/ms/src/MissionPlanner/install/mission_planner/lib/python3.10/site-packages/mission_planner/land_multiradio.py
/home/idp/ms/src/MissionPlanner/install/mission_planner/lib/python3.10/site-packages/mission_planner/__init__.py
/home/idp/ms/src/MissionPlanner/install/mission_planner/lib/python3.10/site-packages/mission_planner/kill.py
/home/idp/ms/src/MissionPlanner/install/mission_planner/lib/python3.10/site-packages/mission_planner/land.py
/home/idp/ms/src/MissionPlanner/install/mission_planner/lib/python3.10/site-packages/mission_planner/mission_planner.py
/home/idp/ms/src/MissionPlanner/install/mission_planner/lib/python3.10/site-packages/mission_planner/kill_all.py
/home/idp/ms/src/MissionPlanner/install/mission_planner/lib/python3.10/site-packages/mission_planner/reverse.py
/home/idp/ms/src/MissionPlanner/install/mission_planner/lib/python3.10/site-packages/mission_planner/command_tag_2.py
/home/idp/ms/src/MissionPlanner/install/mission_planner/lib/python3.10/site-packages/mission_planner/takeoff.py
/home/idp/ms/src/MissionPlanner/install/mission_planner/lib/python3.10/site-packages/mission_planner/command_tag_3.py
/home/idp/ms/src/MissionPlanner/install/mission_planner/lib/python3.10/site-packages/mission_planner/command_tag_1.py
/home/idp/ms/src/MissionPlanner/install/mission_planner/lib/python3.10/site-packages/mission_planner/takeoff_multiradio.py
/home/idp/ms/src/MissionPlanner/install/mission_planner/lib/python3.10/site-packages/mission_planner/__pycache__/mission_script.cpython-310.pyc
/home/idp/ms/src/MissionPlanner/install/mission_planner/lib/python3.10/site-packages/mission_planner/__pycache__/land_all.cpython-310.pyc
/home/idp/ms/src/MissionPlanner/install/mission_planner/lib/python3.10/site-packages/mission_planner/__pycache__/land_multiradio.cpython-310.pyc
/home/idp/ms/src/MissionPlanner/install/mission_planner/lib/python3.10/site-packages/mission_planner/__pycache__/__init__.cpython-310.pyc
/home/idp/ms/src/MissionPlanner/install/mission_planner/lib/python3.10/site-packages/mission_planner/__pycache__/kill.cpython-310.pyc
/home/idp/ms/src/MissionPlanner/install/mission_planner/lib/python3.10/site-packages/mission_planner/__pycache__/land.cpython-310.pyc
/home/idp/ms/src/MissionPlanner/install/mission_planner/lib/python3.10/site-packages/mission_planner/__pycache__/mission_planner.cpython-310.pyc
/home/idp/ms/src/MissionPlanner/install/mission_planner/lib/python3.10/site-packages/mission_planner/__pycache__/kill_all.cpython-310.pyc
/home/idp/ms/src/MissionPlanner/install/mission_planner/lib/python3.10/site-packages/mission_planner/__pycache__/reverse.cpython-310.pyc
/home/idp/ms/src/MissionPlanner/install/mission_planner/lib/python3.10/site-packages/mission_planner/__pycache__/command_tag_2.cpython-310.pyc
/home/idp/ms/src/MissionPlanner/install/mission_planner/lib/python3.10/site-packages/mission_planner/__pycache__/takeoff.cpython-310.pyc
/home/idp/ms/src/MissionPlanner/install/mission_planner/lib/python3.10/site-packages/mission_planner/__pycache__/command_tag_3.cpython-310.pyc
/home/idp/ms/src/MissionPlanner/install/mission_planner/lib/python3.10/site-packages/mission_planner/__pycache__/command_tag_1.cpython-310.pyc
/home/idp/ms/src/MissionPlanner/install/mission_planner/lib/python3.10/site-packages/mission_planner/__pycache__/takeoff_multiradio.cpython-310.pyc
/home/idp/ms/src/MissionPlanner/install/mission_planner/share/ament_index/resource_index/packages/mission_planner
/home/idp/ms/src/MissionPlanner/install/mission_planner/share/mission_planner/package.xml
/home/idp/ms/src/MissionPlanner/install/mission_planner/share/mission_planner/launch/april_tag_launch.py
/home/idp/ms/src/MissionPlanner/install/mission_planner/lib/python3.10/site-packages/mission_planner-0.0.0-py3.10.egg-info/zip-safe
/home/idp/ms/src/MissionPlanner/install/mission_planner/lib/python3.10/site-packages/mission_planner-0.0.0-py3.10.egg-info/SOURCES.txt
/home/idp/ms/src/MissionPlanner/install/mission_planner/lib/python3.10/site-packages/mission_planner-0.0.0-py3.10.egg-info/requires.txt
/home/idp/ms/src/MissionPlanner/install/mission_planner/lib/python3.10/site-packages/mission_planner-0.0.0-py3.10.egg-info/entry_points.txt
/home/idp/ms/src/MissionPlanner/install/mission_planner/lib/python3.10/site-packages/mission_planner-0.0.0-py3.10.egg-info/dependency_links.txt
/home/idp/ms/src/MissionPlanner/install/mission_planner/lib/python3.10/site-packages/mission_planner-0.0.0-py3.10.egg-info/PKG-INFO
/home/idp/ms/src/MissionPlanner/install/mission_planner/lib/python3.10/site-packages/mission_planner-0.0.0-py3.10.egg-info/top_level.txt
/home/idp/ms/src/MissionPlanner/install/mission_planner/lib/mission_planner/mission_planner
