[1.113s] Invoking command in '/home/idp/ms/src/MissionPlanner': PYTHONPATH=/home/idp/ms/src/MissionPlanner/build/mission_planner/prefix_override:/usr/lib/python3/dist-packages/colcon_core/task/python/colcon_distutils_commands:/home/idp/ms/src/MissionPlanner/install/mission_planner/lib/python3.10/site-packages:${PYTHONPATH} /usr/bin/python3 -W ignore:setup.py install is deprecated setup.py egg_info --egg-base build/mission_planner build --build-base /home/idp/ms/src/MissionPlanner/build/mission_planner/build install --record /home/idp/ms/src/MissionPlanner/build/mission_planner/install.log --single-version-externally-managed install_data
[1.463s] running egg_info
[1.463s] creating build/mission_planner/mission_planner.egg-info
[1.488s] writing build/mission_planner/mission_planner.egg-info/PKG-INFO
[1.488s] writing dependency_links to build/mission_planner/mission_planner.egg-info/dependency_links.txt
[1.489s] writing entry points to build/mission_planner/mission_planner.egg-info/entry_points.txt
[1.489s] writing requirements to build/mission_planner/mission_planner.egg-info/requires.txt
[1.489s] writing top-level names to build/mission_planner/mission_planner.egg-info/top_level.txt
[1.638s] writing manifest file 'build/mission_planner/mission_planner.egg-info/SOURCES.txt'
[1.690s] reading manifest file 'build/mission_planner/mission_planner.egg-info/SOURCES.txt'
[1.691s] writing manifest file 'build/mission_planner/mission_planner.egg-info/SOURCES.txt'
[1.691s] running build
[1.691s] running build_py
[1.692s] creating /home/idp/ms/src/MissionPlanner/build/mission_planner/build
[1.692s] creating /home/idp/ms/src/MissionPlanner/build/mission_planner/build/lib
[1.692s] creating /home/idp/ms/src/MissionPlanner/build/mission_planner/build/lib/mission_planner
[1.692s] copying mission_planner/mission_script.py -> /home/idp/ms/src/MissionPlanner/build/mission_planner/build/lib/mission_planner
[1.692s] copying mission_planner/land_all.py -> /home/idp/ms/src/MissionPlanner/build/mission_planner/build/lib/mission_planner
[1.692s] copying mission_planner/land_multiradio.py -> /home/idp/ms/src/MissionPlanner/build/mission_planner/build/lib/mission_planner
[1.692s] copying mission_planner/__init__.py -> /home/idp/ms/src/MissionPlanner/build/mission_planner/build/lib/mission_planner
[1.693s] copying mission_planner/kill.py -> /home/idp/ms/src/MissionPlanner/build/mission_planner/build/lib/mission_planner
[1.693s] copying mission_planner/land.py -> /home/idp/ms/src/MissionPlanner/build/mission_planner/build/lib/mission_planner
[1.693s] copying mission_planner/mission_planner.py -> /home/idp/ms/src/MissionPlanner/build/mission_planner/build/lib/mission_planner
[1.693s] copying mission_planner/kill_all.py -> /home/idp/ms/src/MissionPlanner/build/mission_planner/build/lib/mission_planner
[1.693s] copying mission_planner/reverse.py -> /home/idp/ms/src/MissionPlanner/build/mission_planner/build/lib/mission_planner
[1.693s] copying mission_planner/command_tag_2.py -> /home/idp/ms/src/MissionPlanner/build/mission_planner/build/lib/mission_planner
[1.693s] copying mission_planner/takeoff.py -> /home/idp/ms/src/MissionPlanner/build/mission_planner/build/lib/mission_planner
[1.693s] copying mission_planner/command_tag_3.py -> /home/idp/ms/src/MissionPlanner/build/mission_planner/build/lib/mission_planner
[1.693s] copying mission_planner/command_tag_1.py -> /home/idp/ms/src/MissionPlanner/build/mission_planner/build/lib/mission_planner
[1.694s] copying mission_planner/takeoff_multiradio.py -> /home/idp/ms/src/MissionPlanner/build/mission_planner/build/lib/mission_planner
[1.694s] running install
[1.698s] running install_lib
[1.724s] creating /home/idp/ms/src/MissionPlanner/install/mission_planner/lib/python3.10/site-packages/mission_planner
[1.724s] copying /home/idp/ms/src/MissionPlanner/build/mission_planner/build/lib/mission_planner/mission_script.py -> /home/idp/ms/src/MissionPlanner/install/mission_planner/lib/python3.10/site-packages/mission_planner
[1.724s] copying /home/idp/ms/src/MissionPlanner/build/mission_planner/build/lib/mission_planner/land_all.py -> /home/idp/ms/src/MissionPlanner/install/mission_planner/lib/python3.10/site-packages/mission_planner
[1.724s] copying /home/idp/ms/src/MissionPlanner/build/mission_planner/build/lib/mission_planner/land_multiradio.py -> /home/idp/ms/src/MissionPlanner/install/mission_planner/lib/python3.10/site-packages/mission_planner
[1.724s] copying /home/idp/ms/src/MissionPlanner/build/mission_planner/build/lib/mission_planner/__init__.py -> /home/idp/ms/src/MissionPlanner/install/mission_planner/lib/python3.10/site-packages/mission_planner
[1.725s] copying /home/idp/ms/src/MissionPlanner/build/mission_planner/build/lib/mission_planner/kill.py -> /home/idp/ms/src/MissionPlanner/install/mission_planner/lib/python3.10/site-packages/mission_planner
[1.725s] copying /home/idp/ms/src/MissionPlanner/build/mission_planner/build/lib/mission_planner/land.py -> /home/idp/ms/src/MissionPlanner/install/mission_planner/lib/python3.10/site-packages/mission_planner
[1.725s] copying /home/idp/ms/src/MissionPlanner/build/mission_planner/build/lib/mission_planner/mission_planner.py -> /home/idp/ms/src/MissionPlanner/install/mission_planner/lib/python3.10/site-packages/mission_planner
[1.725s] copying /home/idp/ms/src/MissionPlanner/build/mission_planner/build/lib/mission_planner/kill_all.py -> /home/idp/ms/src/MissionPlanner/install/mission_planner/lib/python3.10/site-packages/mission_planner
[1.725s] copying /home/idp/ms/src/MissionPlanner/build/mission_planner/build/lib/mission_planner/reverse.py -> /home/idp/ms/src/MissionPlanner/install/mission_planner/lib/python3.10/site-packages/mission_planner
[1.725s] copying /home/idp/ms/src/MissionPlanner/build/mission_planner/build/lib/mission_planner/command_tag_2.py -> /home/idp/ms/src/MissionPlanner/install/mission_planner/lib/python3.10/site-packages/mission_planner
[1.725s] copying /home/idp/ms/src/MissionPlanner/build/mission_planner/build/lib/mission_planner/takeoff.py -> /home/idp/ms/src/MissionPlanner/install/mission_planner/lib/python3.10/site-packages/mission_planner
[1.725s] copying /home/idp/ms/src/MissionPlanner/build/mission_planner/build/lib/mission_planner/command_tag_3.py -> /home/idp/ms/src/MissionPlanner/install/mission_planner/lib/python3.10/site-packages/mission_planner
[1.725s] copying /home/idp/ms/src/MissionPlanner/build/mission_planner/build/lib/mission_planner/command_tag_1.py -> /home/idp/ms/src/MissionPlanner/install/mission_planner/lib/python3.10/site-packages/mission_planner
[1.725s] copying /home/idp/ms/src/MissionPlanner/build/mission_planner/build/lib/mission_planner/takeoff_multiradio.py -> /home/idp/ms/src/MissionPlanner/install/mission_planner/lib/python3.10/site-packages/mission_planner
[1.726s] byte-compiling /home/idp/ms/src/MissionPlanner/install/mission_planner/lib/python3.10/site-packages/mission_planner/mission_script.py to mission_script.cpython-310.pyc
[1.726s] byte-compiling /home/idp/ms/src/MissionPlanner/install/mission_planner/lib/python3.10/site-packages/mission_planner/land_all.py to land_all.cpython-310.pyc
[1.727s] byte-compiling /home/idp/ms/src/MissionPlanner/install/mission_planner/lib/python3.10/site-packages/mission_planner/land_multiradio.py to land_multiradio.cpython-310.pyc
[1.727s] byte-compiling /home/idp/ms/src/MissionPlanner/install/mission_planner/lib/python3.10/site-packages/mission_planner/__init__.py to __init__.cpython-310.pyc
[1.727s] byte-compiling /home/idp/ms/src/MissionPlanner/install/mission_planner/lib/python3.10/site-packages/mission_planner/kill.py to kill.cpython-310.pyc
[1.728s] byte-compiling /home/idp/ms/src/MissionPlanner/install/mission_planner/lib/python3.10/site-packages/mission_planner/land.py to land.cpython-310.pyc
[1.728s] byte-compiling /home/idp/ms/src/MissionPlanner/install/mission_planner/lib/python3.10/site-packages/mission_planner/mission_planner.py to mission_planner.cpython-310.pyc
[1.729s] byte-compiling /home/idp/ms/src/MissionPlanner/install/mission_planner/lib/python3.10/site-packages/mission_planner/kill_all.py to kill_all.cpython-310.pyc
[1.730s] byte-compiling /home/idp/ms/src/MissionPlanner/install/mission_planner/lib/python3.10/site-packages/mission_planner/reverse.py to reverse.cpython-310.pyc
[1.730s] byte-compiling /home/idp/ms/src/MissionPlanner/install/mission_planner/lib/python3.10/site-packages/mission_planner/command_tag_2.py to command_tag_2.cpython-310.pyc
[1.731s] byte-compiling /home/idp/ms/src/MissionPlanner/install/mission_planner/lib/python3.10/site-packages/mission_planner/takeoff.py to takeoff.cpython-310.pyc
[1.731s] byte-compiling /home/idp/ms/src/MissionPlanner/install/mission_planner/lib/python3.10/site-packages/mission_planner/command_tag_3.py to command_tag_3.cpython-310.pyc
[1.731s] byte-compiling /home/idp/ms/src/MissionPlanner/install/mission_planner/lib/python3.10/site-packages/mission_planner/command_tag_1.py to command_tag_1.cpython-310.pyc
[1.732s] byte-compiling /home/idp/ms/src/MissionPlanner/install/mission_planner/lib/python3.10/site-packages/mission_planner/takeoff_multiradio.py to takeoff_multiradio.cpython-310.pyc
[1.732s] running install_data
[1.732s] creating /home/idp/ms/src/MissionPlanner/install/mission_planner/share/ament_index
[1.733s] creating /home/idp/ms/src/MissionPlanner/install/mission_planner/share/ament_index/resource_index
[1.733s] creating /home/idp/ms/src/MissionPlanner/install/mission_planner/share/ament_index/resource_index/packages
[1.733s] copying resource/mission_planner -> /home/idp/ms/src/MissionPlanner/install/mission_planner/share/ament_index/resource_index/packages
[1.733s] copying package.xml -> /home/idp/ms/src/MissionPlanner/install/mission_planner/share/mission_planner
[1.733s] creating /home/idp/ms/src/MissionPlanner/install/mission_planner/share/mission_planner/launch
[1.733s] copying launch/april_tag_launch.py -> /home/idp/ms/src/MissionPlanner/install/mission_planner/share/mission_planner/launch
[1.733s] running install_egg_info
[1.760s] Copying build/mission_planner/mission_planner.egg-info to /home/idp/ms/src/MissionPlanner/install/mission_planner/lib/python3.10/site-packages/mission_planner-0.0.0-py3.10.egg-info
[1.761s] running install_scripts
[1.819s] Installing mission_planner script to /home/idp/ms/src/MissionPlanner/install/mission_planner/lib/mission_planner
[1.820s] writing list of installed files to '/home/idp/ms/src/MissionPlanner/build/mission_planner/install.log'
[1.849s] Invoked command in '/home/idp/ms/src/MissionPlanner' returned '0': PYTHONPATH=/home/idp/ms/src/MissionPlanner/build/mission_planner/prefix_override:/usr/lib/python3/dist-packages/colcon_core/task/python/colcon_distutils_commands:/home/idp/ms/src/MissionPlanner/install/mission_planner/lib/python3.10/site-packages:${PYTHONPATH} /usr/bin/python3 -W ignore:setup.py install is deprecated setup.py egg_info --egg-base build/mission_planner build --build-base /home/idp/ms/src/MissionPlanner/build/mission_planner/build install --record /home/idp/ms/src/MissionPlanner/build/mission_planner/install.log --single-version-externally-managed install_data
